[14:44:07] [Client thread/INFO] [JMLogger] JourneyMap log initialized.
[14:44:07] [Client thread/INFO] [JourneymapClient] ensureCurrent ENTER
[14:44:08] [Client thread/INFO] [PropertiesBase] Loaded CoreProperties from /home/endervw/.minecraft/journeymap/config/5.1/journeymap.core.config
[14:44:08] [Client thread/INFO] [PropertiesBase] Loaded FullMapProperties from /home/endervw/.minecraft/journeymap/config/5.1/journeymap.fullmap.config
[14:44:08] [Client thread/INFO] [PropertiesBase] Loaded MiniMapProperties from /home/endervw/.minecraft/journeymap/config/5.1/journeymap.minimap.config
[14:44:08] [Client thread/INFO] [PropertiesBase] Loaded MiniMapProperties2 from /home/endervw/.minecraft/journeymap/config/5.1/journeymap.minimap2.config
[14:44:08] [Client thread/INFO] [PropertiesBase] Loaded WebMapProperties from /home/endervw/.minecraft/journeymap/config/5.1/journeymap.webmap.config
[14:44:08] [Client thread/INFO] [PropertiesBase] Loaded WaypointProperties from /home/endervw/.minecraft/journeymap/config/5.1/journeymap.waypoint.config
[14:44:08] [Client thread/INFO] [?] Version: JourneyMap 5.1.3 Unlimited, built with Forge 10.13.4.1558
Forge: 10.13.4.1614
Environment: os.name, os.arch, java.version, user.country, user.language=null, game language=en_US, locale=en_us
Unlimited Features: 
	RadarPlayers : singleplayer = true , multiplayer = true
	RadarAnimals : singleplayer = true , multiplayer = true
	RadarMobs : singleplayer = true , multiplayer = true
	RadarVillagers : singleplayer = true , multiplayer = true
	MapCaves : singleplayer = true , multiplayer = true
MiniMapProperties{entityIconSetName=2D, showAnimals=true, showMobs=true, showPets=true, showPlayers=true, showSelf=true, showVillagers=true, showWaypoints=true, zoomLevel=0, fontScale=1, locationFormat=xzyv, locationFormatVerbose=true, showCaves=true, showWaypointLabels=true, showMobHeading=true, showPlayerHeading=true, textureSmall=true, active=true, compassFontScale=1, enabled=true, frameAlpha=100, name=minimap, orientation=North, position=Top Right, preferredMapType=day, reticleOrientation=Compass, shape=Circle, showBiome=true, showCompass=true, showFps=false, showLocation=true, showReticle=true, sizePercent=30, terrainAlpha=100}
MiniMapProperties2{enabled=true, shape=Rectangle, position=Top Center, showFps=false, showBiome=true, showLocation=true, showWaypointLabels=true, sizePercent=30, frameAlpha=60, terrainAlpha=60, orientation=My Heading, compassFontScale=1, showCompass=true, showReticle=true, reticleOrientation=Compass, preferredMapType=day, name=minimap2, id=2}
FullMapProperties{entityIconSetName=2D, showAnimals=true, showMobs=true, showPets=true, showPlayers=true, showSelf=true, showVillagers=true, showWaypoints=true, zoomLevel=0, fontScale=1, locationFormat=xzyv, locationFormatVerbose=true, showCaves=true, showWaypointLabels=true, showMobHeading=true, showPlayerHeading=true, textureSmall=true, preferredMapType=day, showGrid=true}
WaypointProperties{autoHideLabel=true, beaconEnabled=true, boldLabel=false, createDeathpoints=true, fontScale=2, managerEnabled=true, maxDistance=0, name=waypoint, showDistance=true, showName=true, showRotatingBeam=true, showStaticBeam=true, showTexture=true, textureSmall=true}
WebMapProperties: , enabled=false, port=8080, showMobs=true, showAnimals=true, showVillagers=true, showPets=true, showPlayers=true, showWaypoints=true, entityIconSetName=2D
CoreProperties{announceMod=true, autoMapPoll=2000, browserPoll=2000, cacheAnimalsData=3100, cacheMobsData=3000, cachePlayerData=1000, cachePlayersData=2000, cacheVillagersData=2200, caveIgnoreGlass=true, isUpdateCheckEnabled=true, renderDelay=2, hideSneakingEntities=true, logLevel=INFO, mapAntialiasing=true, mapBathymetry=false, mapCaveLighting=true, mapCrops=true, mapPlants=false, mapPlantShadows=false, mapSurfaceAboveCaves=true, tileHighDisplayQuality=true, mapTransparency=true, maxAnimalsData=32, maxMobsData=32, maxPlayersData=32, maxVillagersData=32, optionsManagerViewed=, radarLateralDistance=64, radarVerticalDistance=16, recordCacheStats=false, renderOverlayEventTypeName=ALL, renderOverlayPreEvent=true, renderDistanceCaveMin=3, renderDistanceCaveMax=3, renderDistanceSurfaceMin=4, renderDistanceSurfaceMax=7, revealShape=Circle, themeName=Victorian, tileRenderType=1}
[14:44:08] [Client thread/INFO] [JourneymapClient] ensureCurrent EXIT, elapsed§8 count §r1§8 avg §r692.16§8ms§r
[14:44:16] [Client thread/INFO] [JourneymapClient] postInitialize ENTER
[14:44:16] [Client thread/INFO] [WorldInfoHandler] Registered channel: world_info
[14:44:16] [Client thread/INFO] [IconSetFileHandler] Initializing icon sets...
[14:44:17] [Client thread/INFO] [JourneymapClient] postInitialize EXIT, elapsed§8 count §r1§8 avg §r773.2§8ms§r
[14:44:17] [JM-VersionCheck-1/ERROR] [VersionCheck$1] Could not check version URL
com.google.gson.JsonSyntaxException: com.google.gson.stream.MalformedJsonException: Use JsonReader.setLenient(true) to accept malformed JSON at line 2 column 2
	at com.google.gson.JsonParser.parse(JsonParser.java:65) ~[JsonParser.class:?]
	at com.google.gson.JsonParser.parse(JsonParser.java:45) ~[JsonParser.class:?]
	at journeymap.common.version.VersionCheck$1.run(VersionCheck.java:137) [VersionCheck$1.class:?]
	at java.util.concurrent.Executors$RunnableAdapter.call(Executors.java:511) [?:1.8.0_191]
	at java.util.concurrent.FutureTask.run(FutureTask.java:266) [?:1.8.0_191]
	at java.util.concurrent.ThreadPoolExecutor.runWorker(ThreadPoolExecutor.java:1149) [?:1.8.0_191]
	at java.util.concurrent.ThreadPoolExecutor$Worker.run(ThreadPoolExecutor.java:624) [?:1.8.0_191]
	at java.lang.Thread.run(Thread.java:748) [?:1.8.0_191]
Caused by: com.google.gson.stream.MalformedJsonException: Use JsonReader.setLenient(true) to accept malformed JSON at line 2 column 2
	at com.google.gson.stream.JsonReader.syntaxError(JsonReader.java:1505) ~[JsonReader.class:?]
	at com.google.gson.stream.JsonReader.checkLenient(JsonReader.java:1386) ~[JsonReader.class:?]
	at com.google.gson.stream.JsonReader.doPeek(JsonReader.java:531) ~[JsonReader.class:?]
	at com.google.gson.stream.JsonReader.peek(JsonReader.java:414) ~[JsonReader.class:?]
	at com.google.gson.JsonParser.parse(JsonParser.java:60) ~[JsonParser.class:?]
	... 7 more
[14:44:46] [Client thread/INFO] [ColorManager] Loading blocks and textures...
[14:44:47] [Client thread/INFO] [BlockMD] Built BlockMD cache (1839) : BlockMD.reset count 1 avg 317.07ms
[14:44:47] [Client thread/INFO] [ColorHelper_1_7_10] initBlocksTexture: 2048x2048 loaded in 320.36268ms
[14:44:47] [Client thread/INFO] [ColorPalette] Existing color palette's resource packs and mod names match current loadout.
[14:44:47] [Client thread/INFO] [ColorManager] Loaded 1660 block colors from color palette file in 26ms: /home/endervw/.minecraft/journeymap/colorpalette.json
[14:44:47] [Client thread/INFO] [ColorManager] Initialized 11 block colors from mods and resource packs in 38ms
[14:44:47] [Client thread/WARN] [ColorPalette] Block with Error flag won't be saved to color palette: BlockMD [EnderIO:blockFusedQuartz:1] (OpenToSky,Transparency,Error,TransparentRoof)
[14:44:47] [Client thread/WARN] [ColorPalette] Block with Error flag won't be saved to color palette: BlockMD [EnderIO:blockFusedQuartz:3] (OpenToSky,Transparency,Error,TransparentRoof)
[14:44:47] [Client thread/WARN] [ColorPalette] Block with Error flag won't be saved to color palette: BlockMD [EnderIO:blockFusedQuartz:5] (OpenToSky,Transparency,Error,TransparentRoof)
[14:44:47] [Client thread/WARN] [ColorPalette] Block with Error flag won't be saved to color palette: BlockMD [ForgeMultipart:block:0] (Transparency,Error)
[14:44:47] [Client thread/INFO] [ColorPalette] Color palette file generated with 1660 colors in 137ms for: /home/endervw/.minecraft/journeymap/colorpalette.json
[14:44:47] [Client thread/INFO] [ColorManager] Updated color palette file: /home/endervw/.minecraft/journeymap/colorpalette.json
